<?xml version="1.0" encoding="UTF-8"?>
<testsuite xmlns:xsi="http://www.w3.org/2001/XMLSchema-instance" xsi:noNamespaceSchemaLocation="https://maven.apache.org/surefire/maven-surefire-plugin/xsd/surefire-test-report.xsd" name="cn.edu.nju.notebook.NotebookApplicationTests" time="4.563" tests="5" errors="0" skipped="0" failures="0">
  <properties>
[...]
</properties>
  <testcase name="UserEntityMapperSelectByPrimaryKeyTest" classname="cn.edu.nju.notebook.NotebookApplicationTests" time="1.06"/>
  <testcase name="UserEntityMapperInsertTest" classname="cn.edu.nju.notebook.NotebookApplicationTests" time="0.027"/>
  <testcase name="FolderEntityMapperTest1" classname="cn.edu.nju.notebook.NotebookApplicationTests" time="0.055"/>
  <testcase name="FolderEntityMapperTest2" classname="cn.edu.nju.notebook.NotebookApplicationTests" time="0.033"/>
  <testcase name="TodoEntityMapperTest1" classname="cn.edu.nju.notebook.NotebookApplicationTests" time="0.044"/>
</testsuite>